<?xml version="1.0" encoding="UTF-8"?>
<!-- Generated by org.testng.reporters.JUnitReportReporter -->
<testsuite hostname="DESKTOP-V7M61KO" failures="0" tests="1" name="testng.TestNG" time="0.039" errors="0" timestamp="2025-05-29T19:17:44 IST" skipped="0">
  <testcase classname="testng.TestNG" name="testcase1" time="0.039"/>
</testsuite> <!-- testng.TestNG -->
